<?xml version="1.0" encoding="UTF-8"?>
<testsuite name="pl.edu.mimuw.TestDodawaniaZlecen" tests="9" skipped="0" failures="0" errors="0" timestamp="2024-06-15T17:07:27" hostname="LAPTOP-3RP4QE0N" time="0.015">
  <properties/>
  <testcase name="TestIloscSprzedaz()" classname="pl.edu.mimuw.TestDodawaniaZlecen" time="0.0"/>
  <testcase name="normalTest()" classname="pl.edu.mimuw.TestDodawaniaZlecen" time="0.0"/>
  <testcase name="TylkoSprzedaz()" classname="pl.edu.mimuw.TestDodawaniaZlecen" time="0.001"/>
  <testcase name="TestCena()" classname="pl.edu.mimuw.TestDodawaniaZlecen" time="0.001"/>
  <testcase name="TestIloscKupno()" classname="pl.edu.mimuw.TestDodawaniaZlecen" time="0.001"/>
  <testcase name="TylkoKupnoGOOGL()" classname="pl.edu.mimuw.TestDodawaniaZlecen" time="0.001"/>
  <testcase name="TylkoKupno()" classname="pl.edu.mimuw.TestDodawaniaZlecen" time="0.001"/>
  <testcase name="TylkoSprzedazAPL()" classname="pl.edu.mimuw.TestDodawaniaZlecen" time="0.001"/>
  <testcase name="TestBrakZlecenia()" classname="pl.edu.mimuw.TestDodawaniaZlecen" time="0.001"/>
  <system-out><![CDATA[]]></system-out>
  <system-err><![CDATA[]]></system-err>
</testsuite>
